21/01/21 01:26:07 WARN NativeCodeLoader: Unable to load native-hadoop library for your platform... using builtin-java classes where applicable
21/01/21 01:26:21 INFO SparkContext: Running Spark version 2.4.3
21/01/21 01:26:21 WARN SparkConf: Note that spark.local.dir will be overridden by the value set by the cluster manager (via SPARK_LOCAL_DIRS in mesos/standalone/kubernetes and LOCAL_DIRS in YARN).
21/01/21 01:26:21 INFO SparkContext: Submitted application: sparklyr
21/01/21 01:26:21 INFO SecurityManager: Changing view acls to: 19194
21/01/21 01:26:21 INFO SecurityManager: Changing modify acls to: 19194
21/01/21 01:26:21 INFO SecurityManager: Changing view acls groups to: 
21/01/21 01:26:21 INFO SecurityManager: Changing modify acls groups to: 
21/01/21 01:26:21 INFO SecurityManager: SecurityManager: authentication disabled; ui acls disabled; users  with view permissions: Set(19194); groups with view permissions: Set(); users  with modify permissions: Set(19194); groups with modify permissions: Set()
21/01/21 01:26:21 INFO Utils: Successfully started service 'sparkDriver' on port 59193.
21/01/21 01:26:21 INFO SparkEnv: Registering MapOutputTracker
21/01/21 01:26:21 INFO SparkEnv: Registering BlockManagerMaster
21/01/21 01:26:21 INFO BlockManagerMasterEndpoint: Using org.apache.spark.storage.DefaultTopologyMapper for getting topology information
21/01/21 01:26:21 INFO BlockManagerMasterEndpoint: BlockManagerMasterEndpoint up
21/01/21 01:26:21 INFO DiskBlockManager: Created local directory at C:\Users\19194\AppData\Local\spark\spark-2.4.3-bin-hadoop2.7\tmp\local\blockmgr-d7aa7463-1b08-49f5-aec4-f0c6109d4da3
21/01/21 01:26:21 INFO MemoryStore: MemoryStore started with capacity 912.3 MB
21/01/21 01:26:21 INFO SparkEnv: Registering OutputCommitCoordinator
21/01/21 01:26:21 WARN Utils: The configured local directories are not expected to be URIs; however, got suspicious values [C:/Users/19194/AppData/Local/spark/spark-2.4.3-bin-hadoop2.7/tmp/local]. Please check your configured local directories.
21/01/21 01:26:22 INFO Utils: Successfully started service 'SparkUI' on port 4040.
21/01/21 01:26:22 INFO SparkUI: Bound SparkUI to 127.0.0.1, and started at http://view-localhost:4040
21/01/21 01:26:22 INFO SparkContext: Added JAR file:/C:/Users/19194/Documents/R/win-library/4.0/sparklyr/java/sparklyr-2.4-2.11.jar at spark://view-localhost:59193/jars/sparklyr-2.4-2.11.jar with timestamp 1611210382342
21/01/21 01:26:22 INFO Executor: Starting executor ID driver on host localhost
21/01/21 01:26:22 INFO Utils: Successfully started service 'org.apache.spark.network.netty.NettyBlockTransferService' on port 59236.
21/01/21 01:26:22 INFO NettyBlockTransferService: Server created on view-localhost:59236
21/01/21 01:26:22 INFO BlockManager: Using org.apache.spark.storage.RandomBlockReplicationPolicy for block replication policy
21/01/21 01:26:22 INFO BlockManagerMaster: Registering BlockManager BlockManagerId(driver, view-localhost, 59236, None)
21/01/21 01:26:22 INFO BlockManagerMasterEndpoint: Registering block manager view-localhost:59236 with 912.3 MB RAM, BlockManagerId(driver, view-localhost, 59236, None)
21/01/21 01:26:22 INFO BlockManagerMaster: Registered BlockManager BlockManagerId(driver, view-localhost, 59236, None)
21/01/21 01:26:22 INFO BlockManager: Initialized BlockManager: BlockManagerId(driver, view-localhost, 59236, None)
21/01/21 01:26:22 INFO SharedState: loading hive config file: file:/C:/Users/19194/AppData/Local/spark/spark-2.4.3-bin-hadoop2.7/conf/hive-site.xml
21/01/21 01:26:22 INFO SharedState: Setting hive.metastore.warehouse.dir ('C:/Users/19194/AppData/Local/spark/spark-2.4.3-bin-hadoop2.7/tmp/hive') to the value of spark.sql.warehouse.dir ('C:/Users/19194/AppData/Local/spark/spark-2.4.3-bin-hadoop2.7/tmp/hive').
21/01/21 01:26:22 INFO SharedState: Warehouse path is 'C:/Users/19194/AppData/Local/spark/spark-2.4.3-bin-hadoop2.7/tmp/hive'.
21/01/21 01:26:23 INFO StateStoreCoordinatorRef: Registered StateStoreCoordinator endpoint
21/01/21 01:26:26 INFO HiveUtils: Initializing HiveMetastoreConnection version 1.2.1 using Spark classes.
21/01/21 01:26:27 INFO HiveMetaStore: 0: Opening raw store with implemenation class:org.apache.hadoop.hive.metastore.ObjectStore
21/01/21 01:26:27 INFO ObjectStore: ObjectStore, initialize called
21/01/21 01:26:27 INFO Persistence: Property hive.metastore.integral.jdo.pushdown unknown - will be ignored
21/01/21 01:26:27 INFO Persistence: Property datanucleus.cache.level2 unknown - will be ignored
21/01/21 01:26:28 INFO ObjectStore: Setting MetaStore object pin classes with hive.metastore.cache.pinobjtypes="Table,StorageDescriptor,SerDeInfo,Partition,Database,Type,FieldSchema,Order"
21/01/21 01:26:30 INFO Datastore: The class "org.apache.hadoop.hive.metastore.model.MFieldSchema" is tagged as "embedded-only" so does not have its own datastore table.
21/01/21 01:26:30 INFO Datastore: The class "org.apache.hadoop.hive.metastore.model.MOrder" is tagged as "embedded-only" so does not have its own datastore table.
21/01/21 01:26:30 INFO Datastore: The class "org.apache.hadoop.hive.metastore.model.MFieldSchema" is tagged as "embedded-only" so does not have its own datastore table.
21/01/21 01:26:30 INFO Datastore: The class "org.apache.hadoop.hive.metastore.model.MOrder" is tagged as "embedded-only" so does not have its own datastore table.
21/01/21 01:26:31 INFO MetaStoreDirectSql: Using direct SQL, underlying DB is DERBY
21/01/21 01:26:31 INFO ObjectStore: Initialized ObjectStore
21/01/21 01:26:31 WARN ObjectStore: Version information not found in metastore. hive.metastore.schema.verification is not enabled so recording the schema version 1.2.0
21/01/21 01:26:31 WARN ObjectStore: Failed to get database default, returning NoSuchObjectException
21/01/21 01:26:31 INFO HiveMetaStore: Added admin role in metastore
21/01/21 01:26:31 INFO HiveMetaStore: Added public role in metastore
21/01/21 01:26:31 INFO HiveMetaStore: No user is added in admin role, since config is empty
21/01/21 01:26:31 INFO HiveMetaStore: 0: get_all_databases
21/01/21 01:26:31 INFO audit: ugi=19194	ip=unknown-ip-addr	cmd=get_all_databases	
21/01/21 01:26:31 INFO HiveMetaStore: 0: get_functions: db=default pat=*
21/01/21 01:26:31 INFO audit: ugi=19194	ip=unknown-ip-addr	cmd=get_functions: db=default pat=*	
21/01/21 01:26:31 INFO Datastore: The class "org.apache.hadoop.hive.metastore.model.MResourceUri" is tagged as "embedded-only" so does not have its own datastore table.
21/01/21 01:26:32 INFO SessionState: Created HDFS directory: C:/Users/19194/AppData/Local/spark/spark-2.4.3-bin-hadoop2.7/tmp/hive/19194
21/01/21 01:26:32 INFO SessionState: Created local directory: C:/Users/19194/AppData/Local/Temp/66ac277f-a5ff-4aa2-993c-ef09cdef9f56_resources
21/01/21 01:26:32 INFO SessionState: Created HDFS directory: C:/Users/19194/AppData/Local/spark/spark-2.4.3-bin-hadoop2.7/tmp/hive/19194/66ac277f-a5ff-4aa2-993c-ef09cdef9f56
21/01/21 01:26:32 INFO SessionState: Created local directory: C:/Users/19194/AppData/Local/spark/spark-2.4.3-bin-hadoop2.7/tmp/hive/66ac277f-a5ff-4aa2-993c-ef09cdef9f56
21/01/21 01:26:32 INFO SessionState: Created HDFS directory: C:/Users/19194/AppData/Local/spark/spark-2.4.3-bin-hadoop2.7/tmp/hive/19194/66ac277f-a5ff-4aa2-993c-ef09cdef9f56/_tmp_space.db
21/01/21 01:26:32 INFO HiveClientImpl: Warehouse location for Hive client (version 1.2.2) is C:/Users/19194/AppData/Local/spark/spark-2.4.3-bin-hadoop2.7/tmp/hive
21/01/21 01:26:32 INFO HiveMetaStore: 0: get_database: default
21/01/21 01:26:32 INFO audit: ugi=19194	ip=unknown-ip-addr	cmd=get_database: default	
21/01/21 01:26:32 INFO HiveMetaStore: 0: get_database: global_temp
21/01/21 01:26:32 INFO audit: ugi=19194	ip=unknown-ip-addr	cmd=get_database: global_temp	
21/01/21 01:26:32 WARN ObjectStore: Failed to get database global_temp, returning NoSuchObjectException
21/01/21 01:26:32 INFO HiveMetaStore: 0: get_database: default
21/01/21 01:26:32 INFO audit: ugi=19194	ip=unknown-ip-addr	cmd=get_database: default	
21/01/21 01:26:32 INFO HiveMetaStore: 0: get_database: default
21/01/21 01:26:32 INFO audit: ugi=19194	ip=unknown-ip-addr	cmd=get_database: default	
21/01/21 01:26:32 INFO HiveMetaStore: 0: get_tables: db=default pat=*
21/01/21 01:26:32 INFO audit: ugi=19194	ip=unknown-ip-addr	cmd=get_tables: db=default pat=*	
21/01/21 01:26:42 INFO CodeGenerator: Code generated in 227.8553 ms
21/01/21 01:26:42 INFO CodeGenerator: Code generated in 14.799 ms
21/01/21 01:26:42 INFO CodeGenerator: Code generated in 9.5569 ms
21/01/21 01:26:42 INFO SparkContext: Starting job: count at utils.scala:114
21/01/21 01:26:42 INFO DAGScheduler: Registering RDD 3 (count at utils.scala:114)
21/01/21 01:26:42 INFO DAGScheduler: Got job 0 (count at utils.scala:114) with 1 output partitions
21/01/21 01:26:42 INFO DAGScheduler: Final stage: ResultStage 1 (count at utils.scala:114)
21/01/21 01:26:42 INFO DAGScheduler: Parents of final stage: List(ShuffleMapStage 0)
21/01/21 01:26:42 INFO DAGScheduler: Missing parents: List(ShuffleMapStage 0)
21/01/21 01:26:42 INFO DAGScheduler: Submitting ShuffleMapStage 0 (MapPartitionsRDD[3] at count at utils.scala:114), which has no missing parents
21/01/21 01:26:42 INFO MemoryStore: Block broadcast_0 stored as values in memory (estimated size 7.9 KB, free 912.3 MB)
21/01/21 01:26:42 INFO MemoryStore: Block broadcast_0_piece0 stored as bytes in memory (estimated size 4.2 KB, free 912.3 MB)
21/01/21 01:26:42 INFO BlockManagerInfo: Added broadcast_0_piece0 in memory on view-localhost:59236 (size: 4.2 KB, free: 912.3 MB)
21/01/21 01:26:42 INFO SparkContext: Created broadcast 0 from broadcast at DAGScheduler.scala:1161
21/01/21 01:26:42 INFO DAGScheduler: Submitting 1 missing tasks from ShuffleMapStage 0 (MapPartitionsRDD[3] at count at utils.scala:114) (first 15 tasks are for partitions Vector(0))
21/01/21 01:26:42 INFO TaskSchedulerImpl: Adding task set 0.0 with 1 tasks
21/01/21 01:26:42 INFO ContextCleaner: Cleaned accumulator 1
21/01/21 01:26:43 INFO TaskSetManager: Starting task 0.0 in stage 0.0 (TID 0, localhost, executor driver, partition 0, PROCESS_LOCAL, 7882 bytes)
21/01/21 01:26:43 INFO Executor: Running task 0.0 in stage 0.0 (TID 0)
21/01/21 01:26:43 INFO Executor: Fetching spark://view-localhost:59193/jars/sparklyr-2.4-2.11.jar with timestamp 1611210382342
21/01/21 01:26:43 INFO TransportClientFactory: Successfully created connection to view-localhost/127.0.0.1:59193 after 23 ms (0 ms spent in bootstraps)
21/01/21 01:26:43 INFO Utils: Fetching spark://view-localhost:59193/jars/sparklyr-2.4-2.11.jar to C:\Users\19194\AppData\Local\spark\spark-2.4.3-bin-hadoop2.7\tmp\local\spark-0add686a-45cc-4fb9-97a3-54ab745898ee\userFiles-0b6d043b-dbb6-4bbf-a0d9-c3eb2986acde\fetchFileTemp5938672342634081057.tmp
21/01/21 01:26:43 INFO Executor: Adding file:/C:/Users/19194/AppData/Local/spark/spark-2.4.3-bin-hadoop2.7/tmp/local/spark-0add686a-45cc-4fb9-97a3-54ab745898ee/userFiles-0b6d043b-dbb6-4bbf-a0d9-c3eb2986acde/sparklyr-2.4-2.11.jar to class loader
21/01/21 01:26:43 INFO Executor: Finished task 0.0 in stage 0.0 (TID 0). 1547 bytes result sent to driver
21/01/21 01:26:43 INFO TaskSetManager: Finished task 0.0 in stage 0.0 (TID 0) in 490 ms on localhost (executor driver) (1/1)
21/01/21 01:26:43 INFO TaskSchedulerImpl: Removed TaskSet 0.0, whose tasks have all completed, from pool 
21/01/21 01:26:43 INFO DAGScheduler: ShuffleMapStage 0 (count at utils.scala:114) finished in 0.728 s
21/01/21 01:26:43 INFO DAGScheduler: looking for newly runnable stages
21/01/21 01:26:43 INFO DAGScheduler: running: Set()
21/01/21 01:26:43 INFO DAGScheduler: waiting: Set(ResultStage 1)
21/01/21 01:26:43 INFO DAGScheduler: failed: Set()
21/01/21 01:26:43 INFO DAGScheduler: Submitting ResultStage 1 (MapPartitionsRDD[6] at count at utils.scala:114), which has no missing parents
21/01/21 01:26:43 INFO MemoryStore: Block broadcast_1 stored as values in memory (estimated size 7.1 KB, free 912.3 MB)
21/01/21 01:26:43 INFO MemoryStore: Block broadcast_1_piece0 stored as bytes in memory (estimated size 3.8 KB, free 912.3 MB)
21/01/21 01:26:43 INFO BlockManagerInfo: Added broadcast_1_piece0 in memory on view-localhost:59236 (size: 3.8 KB, free: 912.3 MB)
21/01/21 01:26:43 INFO SparkContext: Created broadcast 1 from broadcast at DAGScheduler.scala:1161
21/01/21 01:26:43 INFO DAGScheduler: Submitting 1 missing tasks from ResultStage 1 (MapPartitionsRDD[6] at count at utils.scala:114) (first 15 tasks are for partitions Vector(0))
21/01/21 01:26:43 INFO TaskSchedulerImpl: Adding task set 1.0 with 1 tasks
21/01/21 01:26:43 INFO TaskSetManager: Starting task 0.0 in stage 1.0 (TID 1, localhost, executor driver, partition 0, ANY, 7767 bytes)
21/01/21 01:26:43 INFO Executor: Running task 0.0 in stage 1.0 (TID 1)
21/01/21 01:26:43 INFO ShuffleBlockFetcherIterator: Getting 1 non-empty blocks including 1 local blocks and 0 remote blocks
21/01/21 01:26:43 INFO ShuffleBlockFetcherIterator: Started 0 remote fetches in 11 ms
21/01/21 01:26:43 INFO Executor: Finished task 0.0 in stage 1.0 (TID 1). 1775 bytes result sent to driver
21/01/21 01:26:43 INFO TaskSetManager: Finished task 0.0 in stage 1.0 (TID 1) in 62 ms on localhost (executor driver) (1/1)
21/01/21 01:26:43 INFO TaskSchedulerImpl: Removed TaskSet 1.0, whose tasks have all completed, from pool 
21/01/21 01:26:43 INFO DAGScheduler: ResultStage 1 (count at utils.scala:114) finished in 0.082 s
21/01/21 01:26:43 INFO DAGScheduler: Job 0 finished: count at utils.scala:114, took 0.898107 s
21/01/21 01:26:43 INFO HiveMetaStore: 0: get_database: default
21/01/21 01:26:43 INFO audit: ugi=19194	ip=unknown-ip-addr	cmd=get_database: default	
21/01/21 01:26:43 INFO HiveMetaStore: 0: get_database: default
21/01/21 01:26:43 INFO audit: ugi=19194	ip=unknown-ip-addr	cmd=get_database: default	
21/01/21 01:26:43 INFO HiveMetaStore: 0: get_tables: db=default pat=*
21/01/21 01:26:43 INFO audit: ugi=19194	ip=unknown-ip-addr	cmd=get_tables: db=default pat=*	
21/01/21 01:26:43 INFO SparkContext: Starting job: count at utils.scala:114
21/01/21 01:26:43 INFO DAGScheduler: Registering RDD 10 (count at utils.scala:114)
21/01/21 01:26:43 INFO DAGScheduler: Got job 1 (count at utils.scala:114) with 1 output partitions
21/01/21 01:26:43 INFO DAGScheduler: Final stage: ResultStage 3 (count at utils.scala:114)
21/01/21 01:26:43 INFO DAGScheduler: Parents of final stage: List(ShuffleMapStage 2)
21/01/21 01:26:43 INFO DAGScheduler: Missing parents: List(ShuffleMapStage 2)
21/01/21 01:26:43 INFO DAGScheduler: Submitting ShuffleMapStage 2 (MapPartitionsRDD[10] at count at utils.scala:114), which has no missing parents
21/01/21 01:26:43 INFO MemoryStore: Block broadcast_2 stored as values in memory (estimated size 7.9 KB, free 912.3 MB)
21/01/21 01:26:43 INFO MemoryStore: Block broadcast_2_piece0 stored as bytes in memory (estimated size 4.2 KB, free 912.3 MB)
21/01/21 01:26:43 INFO BlockManagerInfo: Added broadcast_2_piece0 in memory on view-localhost:59236 (size: 4.2 KB, free: 912.3 MB)
21/01/21 01:26:43 INFO SparkContext: Created broadcast 2 from broadcast at DAGScheduler.scala:1161
21/01/21 01:26:43 INFO DAGScheduler: Submitting 1 missing tasks from ShuffleMapStage 2 (MapPartitionsRDD[10] at count at utils.scala:114) (first 15 tasks are for partitions Vector(0))
21/01/21 01:26:43 INFO TaskSchedulerImpl: Adding task set 2.0 with 1 tasks
21/01/21 01:26:43 INFO TaskSetManager: Starting task 0.0 in stage 2.0 (TID 2, localhost, executor driver, partition 0, PROCESS_LOCAL, 7882 bytes)
21/01/21 01:26:43 INFO Executor: Running task 0.0 in stage 2.0 (TID 2)
21/01/21 01:26:43 INFO Executor: Finished task 0.0 in stage 2.0 (TID 2). 1418 bytes result sent to driver
21/01/21 01:26:43 INFO TaskSetManager: Finished task 0.0 in stage 2.0 (TID 2) in 12 ms on localhost (executor driver) (1/1)
21/01/21 01:26:43 INFO TaskSchedulerImpl: Removed TaskSet 2.0, whose tasks have all completed, from pool 
21/01/21 01:26:43 INFO DAGScheduler: ShuffleMapStage 2 (count at utils.scala:114) finished in 0.019 s
21/01/21 01:26:43 INFO DAGScheduler: looking for newly runnable stages
21/01/21 01:26:43 INFO DAGScheduler: running: Set()
21/01/21 01:26:43 INFO DAGScheduler: waiting: Set(ResultStage 3)
21/01/21 01:26:43 INFO DAGScheduler: failed: Set()
21/01/21 01:26:43 INFO DAGScheduler: Submitting ResultStage 3 (MapPartitionsRDD[13] at count at utils.scala:114), which has no missing parents
21/01/21 01:26:43 INFO MemoryStore: Block broadcast_3 stored as values in memory (estimated size 7.1 KB, free 912.3 MB)
21/01/21 01:26:43 INFO MemoryStore: Block broadcast_3_piece0 stored as bytes in memory (estimated size 3.8 KB, free 912.3 MB)
21/01/21 01:26:43 INFO BlockManagerInfo: Added broadcast_3_piece0 in memory on view-localhost:59236 (size: 3.8 KB, free: 912.3 MB)
21/01/21 01:26:43 INFO SparkContext: Created broadcast 3 from broadcast at DAGScheduler.scala:1161
21/01/21 01:26:43 INFO DAGScheduler: Submitting 1 missing tasks from ResultStage 3 (MapPartitionsRDD[13] at count at utils.scala:114) (first 15 tasks are for partitions Vector(0))
21/01/21 01:26:43 INFO TaskSchedulerImpl: Adding task set 3.0 with 1 tasks
21/01/21 01:26:43 INFO TaskSetManager: Starting task 0.0 in stage 3.0 (TID 3, localhost, executor driver, partition 0, ANY, 7767 bytes)
21/01/21 01:26:43 INFO Executor: Running task 0.0 in stage 3.0 (TID 3)
21/01/21 01:26:43 INFO ShuffleBlockFetcherIterator: Getting 1 non-empty blocks including 1 local blocks and 0 remote blocks
21/01/21 01:26:43 INFO ShuffleBlockFetcherIterator: Started 0 remote fetches in 1 ms
21/01/21 01:26:43 INFO Executor: Finished task 0.0 in stage 3.0 (TID 3). 1689 bytes result sent to driver
21/01/21 01:26:43 INFO TaskSetManager: Finished task 0.0 in stage 3.0 (TID 3) in 7 ms on localhost (executor driver) (1/1)
21/01/21 01:26:43 INFO TaskSchedulerImpl: Removed TaskSet 3.0, whose tasks have all completed, from pool 
21/01/21 01:26:43 INFO DAGScheduler: ResultStage 3 (count at utils.scala:114) finished in 0.011 s
21/01/21 01:26:43 INFO DAGScheduler: Job 1 finished: count at utils.scala:114, took 0.035172 s
21/01/21 01:26:50 INFO SparkContext: Invoking stop() from shutdown hook
21/01/21 01:26:50 INFO SparkUI: Stopped Spark web UI at http://view-localhost:4040
21/01/21 01:26:50 INFO MapOutputTrackerMasterEndpoint: MapOutputTrackerMasterEndpoint stopped!
21/01/21 01:26:50 INFO MemoryStore: MemoryStore cleared
21/01/21 01:26:50 INFO BlockManager: BlockManager stopped
21/01/21 01:26:50 INFO BlockManagerMaster: BlockManagerMaster stopped
21/01/21 01:26:50 INFO OutputCommitCoordinator$OutputCommitCoordinatorEndpoint: OutputCommitCoordinator stopped!
21/01/21 01:26:50 WARN SparkEnv: Exception while deleting Spark temp dir: C:\Users\19194\AppData\Local\spark\spark-2.4.3-bin-hadoop2.7\tmp\local\spark-0add686a-45cc-4fb9-97a3-54ab745898ee\userFiles-0b6d043b-dbb6-4bbf-a0d9-c3eb2986acde
java.io.IOException: Failed to delete: C:\Users\19194\AppData\Local\spark\spark-2.4.3-bin-hadoop2.7\tmp\local\spark-0add686a-45cc-4fb9-97a3-54ab745898ee\userFiles-0b6d043b-dbb6-4bbf-a0d9-c3eb2986acde\sparklyr-2.4-2.11.jar
	at org.apache.spark.network.util.JavaUtils.deleteRecursivelyUsingJavaIO(JavaUtils.java:144)
	at org.apache.spark.network.util.JavaUtils.deleteRecursively(JavaUtils.java:118)
	at org.apache.spark.network.util.JavaUtils.deleteRecursivelyUsingJavaIO(JavaUtils.java:128)
	at org.apache.spark.network.util.JavaUtils.deleteRecursively(JavaUtils.java:118)
	at org.apache.spark.network.util.JavaUtils.deleteRecursively(JavaUtils.java:91)
	at org.apache.spark.util.Utils$.deleteRecursively(Utils.scala:1062)
	at org.apache.spark.SparkEnv.stop(SparkEnv.scala:103)
	at org.apache.spark.SparkContext$$anonfun$stop$11.apply$mcV$sp(SparkContext.scala:1974)
	at org.apache.spark.util.Utils$.tryLogNonFatalError(Utils.scala:1340)
	at org.apache.spark.SparkContext.stop(SparkContext.scala:1973)
	at org.apache.spark.SparkContext$$anonfun$2.apply$mcV$sp(SparkContext.scala:575)
	at org.apache.spark.util.SparkShutdownHook.run(ShutdownHookManager.scala:216)
	at org.apache.spark.util.SparkShutdownHookManager$$anonfun$runAll$1$$anonfun$apply$mcV$sp$1.apply$mcV$sp(ShutdownHookManager.scala:188)
	at org.apache.spark.util.SparkShutdownHookManager$$anonfun$runAll$1$$anonfun$apply$mcV$sp$1.apply(ShutdownHookManager.scala:188)
	at org.apache.spark.util.SparkShutdownHookManager$$anonfun$runAll$1$$anonfun$apply$mcV$sp$1.apply(ShutdownHookManager.scala:188)
	at org.apache.spark.util.Utils$.logUncaughtExceptions(Utils.scala:1945)
	at org.apache.spark.util.SparkShutdownHookManager$$anonfun$runAll$1.apply$mcV$sp(ShutdownHookManager.scala:188)
	at org.apache.spark.util.SparkShutdownHookManager$$anonfun$runAll$1.apply(ShutdownHookManager.scala:188)
	at org.apache.spark.util.SparkShutdownHookManager$$anonfun$runAll$1.apply(ShutdownHookManager.scala:188)
	at scala.util.Try$.apply(Try.scala:192)
	at org.apache.spark.util.SparkShutdownHookManager.runAll(ShutdownHookManager.scala:188)
	at org.apache.spark.util.SparkShutdownHookManager$$anon$2.run(ShutdownHookManager.scala:178)
	at org.apache.hadoop.util.ShutdownHookManager$1.run(ShutdownHookManager.java:54)
21/01/21 01:26:50 INFO SparkContext: Successfully stopped SparkContext
21/01/21 01:26:50 INFO ShutdownHookManager: Shutdown hook called
21/01/21 01:26:50 INFO ShutdownHookManager: Deleting directory C:\Users\19194\AppData\Local\spark\spark-2.4.3-bin-hadoop2.7\tmp\local\spark-0add686a-45cc-4fb9-97a3-54ab745898ee\userFiles-0b6d043b-dbb6-4bbf-a0d9-c3eb2986acde
21/01/21 01:26:50 ERROR ShutdownHookManager: Exception while deleting Spark temp dir: C:\Users\19194\AppData\Local\spark\spark-2.4.3-bin-hadoop2.7\tmp\local\spark-0add686a-45cc-4fb9-97a3-54ab745898ee\userFiles-0b6d043b-dbb6-4bbf-a0d9-c3eb2986acde
java.io.IOException: Failed to delete: C:\Users\19194\AppData\Local\spark\spark-2.4.3-bin-hadoop2.7\tmp\local\spark-0add686a-45cc-4fb9-97a3-54ab745898ee\userFiles-0b6d043b-dbb6-4bbf-a0d9-c3eb2986acde\sparklyr-2.4-2.11.jar
	at org.apache.spark.network.util.JavaUtils.deleteRecursivelyUsingJavaIO(JavaUtils.java:144)
	at org.apache.spark.network.util.JavaUtils.deleteRecursively(JavaUtils.java:118)
	at org.apache.spark.network.util.JavaUtils.deleteRecursivelyUsingJavaIO(JavaUtils.java:128)
	at org.apache.spark.network.util.JavaUtils.deleteRecursively(JavaUtils.java:118)
	at org.apache.spark.network.util.JavaUtils.deleteRecursively(JavaUtils.java:91)
	at org.apache.spark.util.Utils$.deleteRecursively(Utils.scala:1062)
	at org.apache.spark.util.ShutdownHookManager$$anonfun$1$$anonfun$apply$mcV$sp$3.apply(ShutdownHookManager.scala:65)
	at org.apache.spark.util.ShutdownHookManager$$anonfun$1$$anonfun$apply$mcV$sp$3.apply(ShutdownHookManager.scala:62)
	at scala.collection.IndexedSeqOptimized$class.foreach(IndexedSeqOptimized.scala:33)
	at scala.collection.mutable.ArrayOps$ofRef.foreach(ArrayOps.scala:186)
	at org.apache.spark.util.ShutdownHookManager$$anonfun$1.apply$mcV$sp(ShutdownHookManager.scala:62)
	at org.apache.spark.util.SparkShutdownHook.run(ShutdownHookManager.scala:216)
	at org.apache.spark.util.SparkShutdownHookManager$$anonfun$runAll$1$$anonfun$apply$mcV$sp$1.apply$mcV$sp(ShutdownHookManager.scala:188)
	at org.apache.spark.util.SparkShutdownHookManager$$anonfun$runAll$1$$anonfun$apply$mcV$sp$1.apply(ShutdownHookManager.scala:188)
	at org.apache.spark.util.SparkShutdownHookManager$$anonfun$runAll$1$$anonfun$apply$mcV$sp$1.apply(ShutdownHookManager.scala:188)
	at org.apache.spark.util.Utils$.logUncaughtExceptions(Utils.scala:1945)
	at org.apache.spark.util.SparkShutdownHookManager$$anonfun$runAll$1.apply$mcV$sp(ShutdownHookManager.scala:188)
	at org.apache.spark.util.SparkShutdownHookManager$$anonfun$runAll$1.apply(ShutdownHookManager.scala:188)
	at org.apache.spark.util.SparkShutdownHookManager$$anonfun$runAll$1.apply(ShutdownHookManager.scala:188)
	at scala.util.Try$.apply(Try.scala:192)
	at org.apache.spark.util.SparkShutdownHookManager.runAll(ShutdownHookManager.scala:188)
	at org.apache.spark.util.SparkShutdownHookManager$$anon$2.run(ShutdownHookManager.scala:178)
	at org.apache.hadoop.util.ShutdownHookManager$1.run(ShutdownHookManager.java:54)
21/01/21 01:26:50 INFO ShutdownHookManager: Deleting directory C:\Users\19194\AppData\Local\Temp\spark-4479b5df-28d1-43de-af68-d13b9eccfe0e
21/01/21 01:26:50 INFO ShutdownHookManager: Deleting directory C:\Users\19194\AppData\Local\spark\spark-2.4.3-bin-hadoop2.7\tmp\local\spark-0add686a-45cc-4fb9-97a3-54ab745898ee
21/01/21 01:26:50 ERROR ShutdownHookManager: Exception while deleting Spark temp dir: C:\Users\19194\AppData\Local\spark\spark-2.4.3-bin-hadoop2.7\tmp\local\spark-0add686a-45cc-4fb9-97a3-54ab745898ee
java.io.IOException: Failed to delete: C:\Users\19194\AppData\Local\spark\spark-2.4.3-bin-hadoop2.7\tmp\local\spark-0add686a-45cc-4fb9-97a3-54ab745898ee\userFiles-0b6d043b-dbb6-4bbf-a0d9-c3eb2986acde\sparklyr-2.4-2.11.jar
	at org.apache.spark.network.util.JavaUtils.deleteRecursivelyUsingJavaIO(JavaUtils.java:144)
	at org.apache.spark.network.util.JavaUtils.deleteRecursively(JavaUtils.java:118)
	at org.apache.spark.network.util.JavaUtils.deleteRecursivelyUsingJavaIO(JavaUtils.java:128)
	at org.apache.spark.network.util.JavaUtils.deleteRecursively(JavaUtils.java:118)
	at org.apache.spark.network.util.JavaUtils.deleteRecursivelyUsingJavaIO(JavaUtils.java:128)
	at org.apache.spark.network.util.JavaUtils.deleteRecursively(JavaUtils.java:118)
	at org.apache.spark.network.util.JavaUtils.deleteRecursively(JavaUtils.java:91)
	at org.apache.spark.util.Utils$.deleteRecursively(Utils.scala:1062)
	at org.apache.spark.util.ShutdownHookManager$$anonfun$1$$anonfun$apply$mcV$sp$3.apply(ShutdownHookManager.scala:65)
	at org.apache.spark.util.ShutdownHookManager$$anonfun$1$$anonfun$apply$mcV$sp$3.apply(ShutdownHookManager.scala:62)
	at scala.collection.IndexedSeqOptimized$class.foreach(IndexedSeqOptimized.scala:33)
	at scala.collection.mutable.ArrayOps$ofRef.foreach(ArrayOps.scala:186)
	at org.apache.spark.util.ShutdownHookManager$$anonfun$1.apply$mcV$sp(ShutdownHookManager.scala:62)
	at org.apache.spark.util.SparkShutdownHook.run(ShutdownHookManager.scala:216)
	at org.apache.spark.util.SparkShutdownHookManager$$anonfun$runAll$1$$anonfun$apply$mcV$sp$1.apply$mcV$sp(ShutdownHookManager.scala:188)
	at org.apache.spark.util.SparkShutdownHookManager$$anonfun$runAll$1$$anonfun$apply$mcV$sp$1.apply(ShutdownHookManager.scala:188)
	at org.apache.spark.util.SparkShutdownHookManager$$anonfun$runAll$1$$anonfun$apply$mcV$sp$1.apply(ShutdownHookManager.scala:188)
	at org.apache.spark.util.Utils$.logUncaughtExceptions(Utils.scala:1945)
	at org.apache.spark.util.SparkShutdownHookManager$$anonfun$runAll$1.apply$mcV$sp(ShutdownHookManager.scala:188)
	at org.apache.spark.util.SparkShutdownHookManager$$anonfun$runAll$1.apply(ShutdownHookManager.scala:188)
	at org.apache.spark.util.SparkShutdownHookManager$$anonfun$runAll$1.apply(ShutdownHookManager.scala:188)
	at scala.util.Try$.apply(Try.scala:192)
	at org.apache.spark.util.SparkShutdownHookManager.runAll(ShutdownHookManager.scala:188)
	at org.apache.spark.util.SparkShutdownHookManager$$anon$2.run(ShutdownHookManager.scala:178)
	at org.apache.hadoop.util.ShutdownHookManager$1.run(ShutdownHookManager.java:54)
